-------------------------------------------------------------------------------
Test set: org.example.CalcTest
-------------------------------------------------------------------------------
Tests run: 2, Failures: 1, Errors: 0, Skipped: 0, Time elapsed: 0.061 s <<< FAILURE! -- in org.example.CalcTest
org.example.CalcTest.testSubtraction -- Time elapsed: 0.016 s <<< FAILURE!
org.opentest4j.AssertionFailedError: expected: <2> but was: <6>
	at org.junit.jupiter.api.Assertions.assertEquals(Assertions.java:569)
	at org.example.CalcTest.testSubtraction(CalcTest.java:16)

